  Final.cpp
C:\Users\Denis\source\repos\Final\Final\game.h(12,1): error C2059: syntax error: '}'
  (compiling source file 'Final.cpp')
  
C:\Users\Denis\source\repos\Final\Final\game.h(12,1): error C2143: syntax error: missing ';' before '}'
  (compiling source file 'Final.cpp')
  
C:\Users\Denis\source\repos\Final\Final\game.h(14,6): error C2182: 'generateMap': this use of 'void' is not valid
  (compiling source file 'Final.cpp')
  
C:\Users\Denis\source\repos\Final\Final\game.h(14,18): error C2065: 'Map': undeclared identifier
  (compiling source file 'Final.cpp')
  
C:\Users\Denis\source\repos\Final\Final\game.h(14,23): error C2065: 'map': undeclared identifier
  (compiling source file 'Final.cpp')
  
C:\Users\Denis\source\repos\Final\Final\game.h(15,14): error C4430: missing type specifier - int assumed. Note: C++ does not support default-int
  (compiling source file 'Final.cpp')
  
C:\Users\Denis\source\repos\Final\Final\game.h(15,23): error C2143: syntax error: missing ',' before '&'
  (compiling source file 'Final.cpp')
  
C:\Users\Denis\source\repos\Final\Final\game.h(16,6): error C2182: 'movePacman': this use of 'void' is not valid
  (compiling source file 'Final.cpp')
  
C:\Users\Denis\source\repos\Final\Final\game.h(16,17): error C2065: 'Map': undeclared identifier
  (compiling source file 'Final.cpp')
  
C:\Users\Denis\source\repos\Final\Final\game.h(16,22): error C2065: 'map': undeclared identifier
  (compiling source file 'Final.cpp')
  
C:\Users\Denis\source\repos\Final\Final\game.h(16,34): error C2065: 'pacman': undeclared identifier
  (compiling source file 'Final.cpp')
  
C:\Users\Denis\source\repos\Final\Final\game.h(16,27): error C2275: 'COORD': expected an expression instead of a type
  (compiling source file 'Final.cpp')
  
C:\Users\Denis\source\repos\Final\Final\game.h(16,42): error C2062: type 'int' unexpected
  (compiling source file 'Final.cpp')
  
C:\Users\Denis\source\repos\Final\Final\game.h(17,6): error C2182: 'updateGame': this use of 'void' is not valid
  (compiling source file 'Final.cpp')
  
C:\Users\Denis\source\repos\Final\Final\game.h(17,17): error C2065: 'Map': undeclared identifier
  (compiling source file 'Final.cpp')
  
C:\Users\Denis\source\repos\Final\Final\game.h(17,22): error C2065: 'map': undeclared identifier
  (compiling source file 'Final.cpp')
  
C:\Users\Denis\source\repos\Final\Final\game.h(17,27): error C2275: 'HANDLE': expected an expression instead of a type
  (compiling source file 'Final.cpp')
  
C:\Users\Denis\source\repos\Final\Final\game.h(17,34): error C2146: syntax error: missing ')' before identifier 'h'
  (compiling source file 'Final.cpp')
  
C:\Users\Denis\source\repos\Final\Final\Final.cpp(67,9): warning C4838: conversion from 'int' to 'const char' requires a narrowing conversion
C:\Users\Denis\source\repos\Final\Final\Final.cpp(67,9): warning C4309: 'initializing': truncation of constant value
C:\Users\Denis\source\repos\Final\Final\Final.cpp(67,14): warning C4838: conversion from 'int' to 'const char' requires a narrowing conversion
C:\Users\Denis\source\repos\Final\Final\Final.cpp(67,14): warning C4309: 'initializing': truncation of constant value
C:\Users\Denis\source\repos\Final\Final\Final.cpp(67,19): warning C4838: conversion from 'int' to 'const char' requires a narrowing conversion
C:\Users\Denis\source\repos\Final\Final\Final.cpp(67,19): warning C4309: 'initializing': truncation of constant value
C:\Users\Denis\source\repos\Final\Final\Final.cpp(67,24): warning C4838: conversion from 'int' to 'const char' requires a narrowing conversion
C:\Users\Denis\source\repos\Final\Final\Final.cpp(67,24): warning C4309: 'initializing': truncation of constant value
C:\Users\Denis\source\repos\Final\Final\Final.cpp(164,6): error C2182: 'generateMap': this use of 'void' is not valid
C:\Users\Denis\source\repos\Final\Final\Final.cpp(164,6): error C2374: 'generateMap': redefinition; multiple initialization
      C:\Users\Denis\source\repos\Final\Final\game.h(14,6):
      see declaration of 'generateMap'
  
C:\Users\Denis\source\repos\Final\Final\Final.cpp(164,6): error C2086: 'int generateMap': redefinition
      C:\Users\Denis\source\repos\Final\Final\game.h(14,6):
      see declaration of 'generateMap'
  
C:\Users\Denis\source\repos\Final\Final\Final.cpp(164,18): error C2065: 'Map': undeclared identifier
C:\Users\Denis\source\repos\Final\Final\Final.cpp(164,23): error C2065: 'map': undeclared identifier
C:\Users\Denis\source\repos\Final\Final\Final.cpp(164,28): error C2143: syntax error: missing ';' before '{'
C:\Users\Denis\source\repos\Final\Final\Final.cpp(165,5): error C2059: syntax error: 'for'
C:\Users\Denis\source\repos\Final\Final\Final.cpp(165,19): error C2143: syntax error: missing ')' before ';'
C:\Users\Denis\source\repos\Final\Final\Final.cpp(165,23): error C2143: syntax error: missing ';' before '<'
C:\Users\Denis\source\repos\Final\Final\Final.cpp(165,21): error C4430: missing type specifier - int assumed. Note: C++ does not support default-int
C:\Users\Denis\source\repos\Final\Final\Final.cpp(165,23): error C2059: syntax error: '<'
C:\Users\Denis\source\repos\Final\Final\Final.cpp(165,25): error C2653: 'Map': is not a class or namespace name
C:\Users\Denis\source\repos\Final\Final\Final.cpp(165,38): error C2059: syntax error: '++'
C:\Users\Denis\source\repos\Final\Final\Final.cpp(165,41): error C2059: syntax error: ')'
C:\Users\Denis\source\repos\Final\Final\Final.cpp(165,43): error C2143: syntax error: missing ';' before '{'
C:\Users\Denis\source\repos\Final\Final\Final.cpp(165,43): error C2447: '{': missing function header (old-style formal list?)
C:\Users\Denis\source\repos\Final\Final\Final.cpp(189,1): error C2059: syntax error: '}'
C:\Users\Denis\source\repos\Final\Final\Final.cpp(189,1): error C2143: syntax error: missing ';' before '}'
C:\Users\Denis\source\repos\Final\Final\Final.cpp(191,30): error C2143: syntax error: missing ';' before '{'
C:\Users\Denis\source\repos\Final\Final\Final.cpp(191,30): error C2447: '{': missing function header (old-style formal list?)
C:\Users\Denis\source\repos\Final\Final\Final.cpp(227,6): error C2182: 'movePacman': this use of 'void' is not valid
C:\Users\Denis\source\repos\Final\Final\Final.cpp(227,6): error C2374: 'movePacman': redefinition; multiple initialization
      C:\Users\Denis\source\repos\Final\Final\game.h(16,6):
      see declaration of 'movePacman'
  
C:\Users\Denis\source\repos\Final\Final\Final.cpp(227,6): error C2086: 'int movePacman': redefinition
      C:\Users\Denis\source\repos\Final\Final\game.h(16,6):
      see declaration of 'movePacman'
  
C:\Users\Denis\source\repos\Final\Final\Final.cpp(227,17): error C2065: 'Map': undeclared identifier
C:\Users\Denis\source\repos\Final\Final\Final.cpp(227,22): error C2065: 'map': undeclared identifier
C:\Users\Denis\source\repos\Final\Final\Final.cpp(227,34): error C2065: 'pacman': undeclared identifier
C:\Users\Denis\source\repos\Final\Final\Final.cpp(227,27): error C2275: 'COORD': expected an expression instead of a type
C:\Users\Denis\source\repos\Final\Final\Final.cpp(227,42): error C2062: type 'int' unexpected
C:\Users\Denis\source\repos\Final\Final\Final.cpp(227,57): error C2143: syntax error: missing ';' before '{'
C:\Users\Denis\source\repos\Final\Final\Final.cpp(227,57): error C2447: '{': missing function header (old-style formal list?)
C:\Users\Denis\source\repos\Final\Final\Final.cpp(245,6): error C2182: 'updateGame': this use of 'void' is not valid
C:\Users\Denis\source\repos\Final\Final\Final.cpp(245,6): error C2374: 'updateGame': redefinition; multiple initialization
      C:\Users\Denis\source\repos\Final\Final\game.h(17,6):
      see declaration of 'updateGame'
  
C:\Users\Denis\source\repos\Final\Final\Final.cpp(245,6): error C2086: 'int updateGame': redefinition
      C:\Users\Denis\source\repos\Final\Final\game.h(17,6):
      see declaration of 'updateGame'
  
C:\Users\Denis\source\repos\Final\Final\Final.cpp(245,17): error C2065: 'Map': undeclared identifier
C:\Users\Denis\source\repos\Final\Final\Final.cpp(245,22): error C2065: 'map': undeclared identifier
C:\Users\Denis\source\repos\Final\Final\Final.cpp(245,27): error C2275: 'HANDLE': expected an expression instead of a type
C:\Users\Denis\source\repos\Final\Final\Final.cpp(245,34): error C2146: syntax error: missing ')' before identifier 'h'
C:\Users\Denis\source\repos\Final\Final\Final.cpp(245,63): error C2143: syntax error: missing ';' before '{'
C:\Users\Denis\source\repos\Final\Final\Final.cpp(245,63): error C2447: '{': missing function header (old-style formal list?)
C:\Users\Denis\source\repos\Final\Final\Final.cpp(277,15): warning C4244: 'argument': conversion from 'time_t' to 'unsigned int', possible loss of data
C:\Users\Denis\source\repos\Final\Final\Final.cpp(284,5): error C2065: 'Map': undeclared identifier
C:\Users\Denis\source\repos\Final\Final\Final.cpp(284,9): error C2146: syntax error: missing ';' before identifier 'map'
C:\Users\Denis\source\repos\Final\Final\Final.cpp(284,9): error C2065: 'map': undeclared identifier
C:\Users\Denis\source\repos\Final\Final\Final.cpp(285,17): error C2065: 'map': undeclared identifier
C:\Users\Denis\source\repos\Final\Final\Final.cpp(289,24): error C2653: 'Map': is not a class or namespace name
C:\Users\Denis\source\repos\Final\Final\Final.cpp(298,17): error C2065: 'map': undeclared identifier
C:\Users\Denis\source\repos\Final\Final\Final.cpp(307,20): error C2065: 'map': undeclared identifier
C:\Users\Denis\source\repos\Final\Final\Final.cpp(308,20): error C2065: 'map': undeclared identifier
